<?xml version="1.0" encoding="UTF-8" ?>
<testsuite tests="1" failures="0" name="com.demo.service.OrderServiceTest" time="0.161" errors="1" skipped="0">
  <properties>
[...]
</properties>
  <testcase classname="com.demo.service.OrderServiceTest" name="com.demo.service.OrderServiceTest" time="0.161">
    <error type="java.lang.ExceptionInInitializerError">java.lang.ExceptionInInitializerError
	at org.mockito.cglib.core.KeyFactory$Generator.generateClass(KeyFactory.java:167)
	at org.mockito.cglib.core.DefaultGeneratorStrategy.generate(DefaultGeneratorStrategy.java:25)
	at org.mockito.cglib.core.AbstractClassGenerator.create(AbstractClassGenerator.java:217)
	at org.mockito.cglib.core.KeyFactory$Generator.create(KeyFactory.java:145)
	at org.mockito.cglib.core.KeyFactory.create(KeyFactory.java:117)
	at org.mockito.cglib.core.KeyFactory.create(KeyFactory.java:109)
	at org.mockito.cglib.core.KeyFactory.create(KeyFactory.java:105)
	at org.mockito.cglib.proxy.Enhancer.&lt;clinit&gt;(Enhancer.java:70)
	at org.powermock.api.mockito.repackaged.ClassImposterizer.createProxyClass(ClassImposterizer.java:95)
	at org.powermock.api.mockito.repackaged.ClassImposterizer.imposterise(ClassImposterizer.java:57)
	at org.powermock.api.mockito.repackaged.ClassImposterizer.imposterise(ClassImposterizer.java:49)
	at org.powermock.api.mockito.repackaged.CglibMockMaker.createMock(CglibMockMaker.java:24)
	at org.powermock.api.mockito.internal.mockmaker.PowerMockMaker.createMock(PowerMockMaker.java:46)
	at org.mockito.internal.util.MockUtil.createMock(MockUtil.java:33)
	at org.mockito.internal.MockitoCore.mock(MockitoCore.java:59)
	at org.mockito.Mockito.mock(Mockito.java:1285)
	at org.mockito.internal.configuration.MockAnnotationProcessor.process(MockAnnotationProcessor.java:33)
	at org.mockito.internal.configuration.MockAnnotationProcessor.process(MockAnnotationProcessor.java:16)
	at org.mockito.internal.configuration.DefaultAnnotationEngine.createMockFor(DefaultAnnotationEngine.java:43)
	at org.mockito.internal.configuration.DefaultAnnotationEngine.process(DefaultAnnotationEngine.java:66)
	at org.mockito.internal.configuration.InjectingAnnotationEngine.processIndependentAnnotations(InjectingAnnotationEngine.java:71)
	at org.mockito.internal.configuration.InjectingAnnotationEngine.process(InjectingAnnotationEngine.java:55)
	at org.mockito.MockitoAnnotations.initMocks(MockitoAnnotations.java:108)
	at org.mockito.internal.runners.JUnit45AndHigherRunnerImpl$1.withBefores(JUnit45AndHigherRunnerImpl.java:27)
	at org.junit.runners.BlockJUnit4ClassRunner.methodBlock(BlockJUnit4ClassRunner.java:276)
	at org.junit.runners.BlockJUnit4ClassRunner.runChild(BlockJUnit4ClassRunner.java:78)
	at org.junit.runners.BlockJUnit4ClassRunner.runChild(BlockJUnit4ClassRunner.java:57)
	at org.junit.runners.ParentRunner$3.run(ParentRunner.java:290)
	at org.junit.runners.ParentRunner$1.schedule(ParentRunner.java:71)
	at org.junit.runners.ParentRunner.runChildren(ParentRunner.java:288)
	at org.junit.runners.ParentRunner.access$000(ParentRunner.java:58)
	at org.junit.runners.ParentRunner$2.evaluate(ParentRunner.java:268)
	at org.junit.runners.ParentRunner.run(ParentRunner.java:363)
	at org.mockito.internal.runners.JUnit45AndHigherRunnerImpl.run(JUnit45AndHigherRunnerImpl.java:37)
	at org.mockito.runners.MockitoJUnitRunner.run(MockitoJUnitRunner.java:62)
	at org.apache.maven.surefire.junit4.JUnit4Provider.execute(JUnit4Provider.java:252)
	at org.apache.maven.surefire.junit4.JUnit4Provider.executeTestSet(JUnit4Provider.java:141)
	at org.apache.maven.surefire.junit4.JUnit4Provider.invoke(JUnit4Provider.java:112)
	at java.base/jdk.internal.reflect.NativeMethodAccessorImpl.invoke0(Native Method)
	at java.base/jdk.internal.reflect.NativeMethodAccessorImpl.invoke(NativeMethodAccessorImpl.java:77)
	at java.base/jdk.internal.reflect.DelegatingMethodAccessorImpl.invoke(DelegatingMethodAccessorImpl.java:43)
	at java.base/java.lang.reflect.Method.invoke(Method.java:568)
	at org.apache.maven.surefire.util.ReflectionUtils.invokeMethodWithArray(ReflectionUtils.java:189)
	at org.apache.maven.surefire.booter.ProviderFactory$ProviderProxy.invoke(ProviderFactory.java:165)
	at org.apache.maven.surefire.booter.ProviderFactory.invokeProvider(ProviderFactory.java:85)
	at org.apache.maven.surefire.booter.ForkedBooter.runSuitesInProcess(ForkedBooter.java:115)
	at org.apache.maven.surefire.booter.ForkedBooter.main(ForkedBooter.java:75)
Caused by: java.lang.reflect.InaccessibleObjectException: Unable to make protected final java.lang.Class java.lang.ClassLoader.defineClass(java.lang.String,byte[],int,int,java.security.ProtectionDomain) throws java.lang.ClassFormatError accessible: module java.base does not &quot;opens java.lang&quot; to unnamed module @26933859
	at java.base/java.lang.reflect.AccessibleObject.checkCanSetAccessible(AccessibleObject.java:354)
	at java.base/java.lang.reflect.AccessibleObject.checkCanSetAccessible(AccessibleObject.java:297)
	at java.base/java.lang.reflect.Method.checkCanSetAccessible(Method.java:199)
	at java.base/java.lang.reflect.Method.setAccessible(Method.java:193)
	at org.mockito.cglib.core.ReflectUtils$2.run(ReflectUtils.java:57)
	at java.base/java.security.AccessController.doPrivileged(AccessController.java:318)
	at org.mockito.cglib.core.ReflectUtils.&lt;clinit&gt;(ReflectUtils.java:47)
	... 47 more
</error>
  </testcase>
</testsuite>